<?xml version="1.0" encoding="UTF-8"?>
<!-- Generated by org.testng.reporters.JUnitReportReporter -->
<testsuite hostname="LAPTOP-MKVCQ7MV" failures="0" tests="4" name="dataprovider.DataProvider" time="24.812" errors="0" timestamp="2024-02-22T21:17:22 IST" skipped="0">
  <testcase classname="dataprovider.DataProvider" name="name" time="6.587"/>
  <testcase classname="dataprovider.DataProvider" name="name" time="6.010"/>
  <testcase classname="dataprovider.DataProvider" name="name" time="6.222"/>
  <testcase classname="dataprovider.DataProvider" name="name" time="5.993"/>
</testsuite> <!-- dataprovider.DataProvider -->
