<?xml version="1.0" encoding="UTF-8"?>
<!-- Generated by org.testng.reporters.JUnitReportReporter -->
<testsuite hostname="LAPTOP-MKVCQ7MV" failures="0" tests="4" name="testNG.Priority" time="0.005" errors="0" timestamp="2024-02-18T08:17:26 IST" skipped="1">
  <testcase classname="testNG.Priority" name="Start" time="0.002"/>
  <testcase classname="testNG.Priority" name="Second" time="0.001"/>
  <testcase classname="testNG.Priority" name="Third" time="0.002"/>
  <testcase classname="testNG.Priority" name="First">
    <skipped/>
  </testcase> <!-- First -->
</testsuite> <!-- testNG.Priority -->
