<?xml version="1.0" encoding="UTF-8"?>
<!-- Generated by org.testng.reporters.JUnitReportReporter -->
<testsuite hostname="LAPTOP-MKVCQ7MV" failures="0" tests="1" name="testNG.BasicTest" time="0.017" errors="0" timestamp="2024-02-20T07:14:16 IST" skipped="0">
  <testcase classname="testNG.BasicTest" name="FirstTestCase" time="0.017"/>
</testsuite> <!-- testNG.BasicTest -->
