<?xml version="1.0" encoding="UTF-8"?>
<!-- Generated by org.testng.reporters.JUnitReportReporter -->
<testsuite hostname="LAPTOP-MKVCQ7MV" failures="0" tests="4" name="testNG.Grouping" time="0.093" errors="0" timestamp="2024-02-18T19:36:17 IST" skipped="0">
  <testcase classname="testNG.Grouping" name="Apple1" time="0.023"/>
  <testcase classname="testNG.Grouping" name="Apple2" time="0.024"/>
  <testcase classname="testNG.Grouping" name="Lenovo1" time="0.023"/>
  <testcase classname="testNG.Grouping" name="Lenovo0" time="0.023"/>
</testsuite> <!-- testNG.Grouping -->
