<?xml version="1.0" encoding="UTF-8"?>
<!-- Generated by org.testng.reporters.JUnitReportReporter -->
<testsuite hostname="LAPTOP-MKVCQ7MV" failures="0" tests="3" name="testNG.Dependencies" time="0.007" errors="0" timestamp="2024-02-18T08:17:26 IST" skipped="0">
  <testcase classname="testNG.Dependencies" name="HighSec" time="0.002"/>
  <testcase classname="testNG.Dependencies" name="College" time="0.002"/>
  <testcase classname="testNG.Dependencies" name="HighSchool" time="0.003"/>
</testsuite> <!-- testNG.Dependencies -->
