<?xml version="1.0" encoding="UTF-8"?>
<!-- Generated by org.testng.reporters.JUnitReportReporter -->
<testsuite hostname="LAPTOP-MKVCQ7MV" failures="0" tests="3" name="testNG.OpeningBrowsers" time="2.902" errors="0" timestamp="2024-02-18T08:17:26 IST" skipped="0">
  <testcase classname="testNG.OpeningBrowsers" name="Google" time="2.175"/>
  <testcase classname="testNG.OpeningBrowsers" name="Bing" time="0.454"/>
  <testcase classname="testNG.OpeningBrowsers" name="DuckDuckGo" time="0.273"/>
</testsuite> <!-- testNG.OpeningBrowsers -->
