<?xml version="1.0" encoding="UTF-8"?>
<!-- Generated by org.testng.reporters.JUnitReportReporter -->
<testsuite hostname="LAPTOP-MKVCQ7MV" failures="0" tests="1" name="testNG.Assetrtion" time="0.022" errors="0" timestamp="2024-02-19T06:54:44 IST" skipped="0">
  <testcase classname="testNG.Assetrtion" name="checkequal" time="0.022"/>
</testsuite> <!-- testNG.Assetrtion -->
