<?xml version="1.0" encoding="UTF-8"?>
<!-- Generated by org.testng.reporters.JUnitReportReporter -->
<testsuite hostname="LAPTOP-MKVCQ7MV" failures="0" tests="1" name="testNG.Annotations" time="0.013" errors="0" timestamp="2024-02-20T05:41:26 IST" skipped="0">
  <testcase classname="testNG.Annotations" name="test" time="0.013"/>
</testsuite> <!-- testNG.Annotations -->
