<?xml version="1.0" encoding="UTF-8"?>
<!-- Generated by org.testng.reporters.JUnitReportReporter -->
<testsuite hostname="LAPTOP-MKVCQ7MV" failures="0" tests="2" name="testNG.Paralleltesting" time="12.228" errors="0" timestamp="2024-02-19T06:53:29 IST" skipped="0">
  <testcase classname="testNG.Paralleltesting" name="Google" time="6.806"/>
  <testcase classname="testNG.Paralleltesting" name="Bing" time="5.422"/>
</testsuite> <!-- testNG.Paralleltesting -->
