<?xml version="1.0" encoding="UTF-8"?>
<!-- Generated by org.testng.reporters.JUnitReportReporter -->
<testsuite hostname="LAPTOP-MKVCQ7MV" failures="0" tests="1" name="addidas.WebpageAutomation" time="94.495" errors="0" timestamp="2024-03-17T08:08:24 IST" skipped="0">
  <testcase classname="addidas.WebpageAutomation" name="praveen" time="94.495"/>
</testsuite> <!-- addidas.WebpageAutomation -->
