<?xml version="1.0" encoding="UTF-8"?>
<!-- Generated by org.testng.reporters.JUnitReportReporter -->
<testsuite hostname="LAPTOP-MKVCQ7MV" failures="0" tests="1" name="webpages.Signuppage" time="11.120" errors="0" timestamp="2024-03-06T05:49:53 IST" skipped="0">
  <testcase classname="webpages.Signuppage" name="signup" time="11.120"/>
</testsuite> <!-- webpages.Signuppage -->
