<?xml version="1.0" encoding="UTF-8"?>
<!-- Generated by org.testng.reporters.JUnitReportReporter -->
<testsuite hostname="LAPTOP-MKVCQ7MV" failures="0" tests="1" name="loginpage.signinpage" time="9.648" errors="0" timestamp="2024-03-05T07:21:39 IST" skipped="0">
  <testcase classname="loginpage.signinpage" name="email" time="9.648"/>
</testsuite> <!-- loginpage.signinpage -->
