<?xml version="1.0" encoding="UTF-8"?>
<!-- Generated by org.testng.reporters.JUnitReportReporter -->
<testsuite hostname="LAPTOP-MKVCQ7MV" failures="0" tests="1" name="Pagefactory_without_using_FindBy.Pagefactory_without_findby" time="8.299" errors="0" timestamp="2024-03-07T06:23:14 IST" skipped="0">
  <testcase classname="Pagefactory_without_using_FindBy.Pagefactory_without_findby" name="login" time="8.299"/>
</testsuite> <!-- Pagefactory_without_using_FindBy.Pagefactory_without_findby -->
