<?xml version="1.0" encoding="UTF-8"?>
<!-- Generated by org.testng.reporters.JUnitReportReporter -->
<testsuite hostname="LAPTOP-MKVCQ7MV" failures="0" tests="1" name="webpages.Bestbuy_Login_Page" time="9.197" errors="0" timestamp="2024-03-06T05:34:45 IST" skipped="0">
  <testcase classname="webpages.Bestbuy_Login_Page" name="login" time="9.197"/>
</testsuite> <!-- webpages.Bestbuy_Login_Page -->
