<?xml version="1.0" encoding="UTF-8"?>
<!-- Generated by org.testng.reporters.JUnitReportReporter -->
<testsuite hostname="LAPTOP-MKVCQ7MV" failures="0" tests="1" name="loginpage.login" time="11.382" errors="0" timestamp="2024-03-06T04:38:18 IST" skipped="0">
  <testcase classname="loginpage.login" name="webpage" time="11.382"/>
</testsuite> <!-- loginpage.login -->
