<?xml version="1.0" encoding="UTF-8"?>
<!-- Generated by org.testng.reporters.JUnitReportReporter -->
<testsuite hostname="LAPTOP-MKVCQ7MV" failures="0" tests="4" name="test.Dataprov" time="5.289" errors="0" timestamp="2024-02-23T07:36:15 IST" skipped="0">
  <testcase classname="test.Dataprov" name="webpage" time="1.363"/>
  <testcase classname="test.Dataprov" name="webpage" time="1.028"/>
  <testcase classname="test.Dataprov" name="webpage" time="1.355"/>
  <testcase classname="test.Dataprov" name="webpage" time="1.543"/>
</testsuite> <!-- test.Dataprov -->
