<?xml version="1.0" encoding="UTF-8"?>
<!-- Generated by org.testng.reporters.JUnitReportReporter -->
<testsuite hostname="LAPTOP-MKVCQ7MV" failures="0" tests="1" name="test.pom_page" time="7.582" errors="0" timestamp="2024-03-07T06:46:41 IST" skipped="0">
  <testcase classname="test.pom_page" name="login" time="7.582"/>
</testsuite> <!-- test.pom_page -->
