<?xml version="1.0" encoding="UTF-8"?>
<!-- Generated by org.testng.reporters.JUnitReportReporter -->
<testsuite hostname="LAPTOP-MKVCQ7MV" failures="0" tests="4" name="jxl.DataProviderInJXL" time="32.219" errors="0" timestamp="2024-02-29T05:06:01 IST" skipped="0">
  <testcase classname="jxl.DataProviderInJXL" name="webpage" time="8.578"/>
  <testcase classname="jxl.DataProviderInJXL" name="webpage" time="7.977"/>
  <testcase classname="jxl.DataProviderInJXL" name="webpage" time="7.890"/>
  <testcase classname="jxl.DataProviderInJXL" name="webpage" time="7.774"/>
</testsuite> <!-- jxl.DataProviderInJXL -->
