<?xml version="1.0" encoding="UTF-8"?>
<!-- Generated by org.testng.reporters.JUnitReportReporter -->
<testsuite hostname="LAPTOP-MKVCQ7MV" failures="0" tests="4" name="jxl.DataProviders" time="4.562" errors="0" timestamp="2024-02-29T05:24:10 IST" skipped="0">
  <testcase classname="jxl.DataProviders" name="webpage" time="1.068"/>
  <testcase classname="jxl.DataProviders" name="webpage" time="1.526"/>
  <testcase classname="jxl.DataProviders" name="webpage" time="0.998"/>
  <testcase classname="jxl.DataProviders" name="webpage" time="0.970"/>
</testsuite> <!-- jxl.DataProviders -->
