<?xml version="1.0" encoding="UTF-8"?>
<!-- Generated by org.testng.reporters.JUnitReportReporter -->
<testsuite hostname="LAPTOP-MKVCQ7MV" failures="0" tests="1" name="login_page_checker.Both_Correct" time="6.908" errors="0" timestamp="2024-02-22T07:45:39 IST" skipped="0">
  <testcase classname="login_page_checker.Both_Correct" name="BothCorrect" time="6.908"/>
</testsuite> <!-- login_page_checker.Both_Correct -->
